<?xml version="1.0" encoding="UTF-8"?>
<!-- Generated by org.testng.reporters.JUnitReportReporter -->
<testsuite hostname="edublo-alienware-15" failures="0" tests="1" name="SubjectTest" time="4.728" errors="0" timestamp="2020-11-05T10:23:56 PET" skipped="0">
  <testcase classname="SubjectTest" name="test_primer" time="4.728"/>
</testsuite> <!-- SubjectTest -->
